Building DAG of jobs...
Using shell: /usr/bin/bash
Provided cores: 64
Rules claiming more threads will be scaled down.
Job counts:
	count	jobs
	1	archive_files
	1

[Tue Apr 26 09:42:43 2022]
Job 0: Archiving all files from /scratch/general/lustre/u0854535/temp1 except for .bam/.bai

tar: Removing leading `/' from member names
/scratch/general/lustre/u0854535/temp1/bams/
/scratch/general/lustre/u0854535/temp1/bams/randoTestFiles6.txt
/scratch/general/lustre/u0854535/temp1/bams/randoTestFiles11.txt
/scratch/general/lustre/u0854535/temp1/bams/randoTestFiles12.txt
/scratch/general/lustre/u0854535/temp1/bams/randoTestFiles7.txt
/scratch/general/lustre/u0854535/temp1/bams/randoTestFiles2.txt
/scratch/general/lustre/u0854535/temp1/bams/randoTestFiles4.txt
/scratch/general/lustre/u0854535/temp1/bams/randoTestFiles3.txt
/scratch/general/lustre/u0854535/temp1/bams/randoTestFiles10.txt
/scratch/general/lustre/u0854535/temp1/bams/randoTestFiles9.txt
/scratch/general/lustre/u0854535/temp1/bams/randoTestFiles5.txt
/scratch/general/lustre/u0854535/temp1/bams/randoTestFiles8.txt
/scratch/general/lustre/u0854535/temp1/bams/randoTestFiles1.txt
tar: Removing leading `/' from member names
/scratch/general/lustre/u0854535/temp1/header
tar: Removing leading `/' from member names
/scratch/general/lustre/u0854535/temp1/randomDir/
tar: Removing leading `/' from member names
/scratch/general/lustre/u0854535/temp1/randoTestFile.txt
Touching output file rsync_archive.ok.
[Tue Apr 26 09:42:46 2022]
Finished job 0.
1 of 1 steps (100%) done
