Building DAG of jobs...
Using shell: /usr/bin/bash
Provided cluster nodes: 20
Job counts:
	count	jobs
	1	all
	1	archive_files
	1	bam_to_cram
	1	find_bams
	1	send_cram_to_storage
	5

[Tue Apr 26 09:42:32 2022]
Job 4: Archiving all files from /scratch/general/lustre/u0854535/temp1 except for .bam/.bai

Submitted job 4 with external jobid 'Submitted batch job 4308479 on cluster notchpeak'.
[Tue Apr 26 09:43:02 2022]
Finished job 4.
1 of 5 steps (20%) done

[Tue Apr 26 09:43:02 2022]
Job 3: Searching for bams to archive...

Submitted job 3 with external jobid 'Submitted batch job 4308480 on cluster notchpeak'.
Waiting at most 45 seconds for missing files.
[Tue Apr 26 09:43:33 2022]
Finished job 3.
2 of 5 steps (40%) done

[Tue Apr 26 09:43:33 2022]
Job 2: Converting bams to crams...

Submitted job 2 with external jobid 'Submitted batch job 4308481 on cluster notchpeak'.
[Tue Apr 26 10:22:16 2022]
Finished job 2.
3 of 5 steps (60%) done

[Tue Apr 26 10:22:16 2022]
Job 1: Sending crams to storage

Submitted job 1 with external jobid 'Submitted batch job 4308529 on cluster notchpeak'.
[Tue Apr 26 10:22:26 2022]
Error in rule send_cram_to_storage:
    jobid: 1
    output: rclone_archive_crams.ok
    log: logs/cramToStorage.log (check log file(s) for error message)
    shell:
        
        OUTPUTDIR=/scratch/general/lustre/u0854535/crams
        rclone copy $OUTPUTDIR pezz:testCram -v
        ls -1 $OUTPUTDIR >> cramToStorage.log
        rm -r $OUTPUTDIR
        
        (one of the commands exited with non-zero exit code; note that snakemake uses bash strict mode!)
    cluster_jobid: Submitted batch job 4308529 on cluster notchpeak

Error executing rule send_cram_to_storage on cluster (jobid: 1, external: Submitted batch job 4308529 on cluster notchpeak, jobscript: /uufs/chpc.utah.edu/common/home/u0854535/backup/readFile/.snakemake/tmp.fu0lawvk/snakejob.send_cram_to_storage.1.sh). For error details see the cluster log and the log files of the involved rule(s).
Shutting down, this might take some time.
Exiting because a job execution failed. Look above for error message
Complete log: /uufs/chpc.utah.edu/common/home/u0854535/backup/readFile/.snakemake/log/2022-04-26T094232.773392.snakemake.log
