Building DAG of jobs...
Using shell: /usr/bin/bash
Provided cores: 1 (use --cores to define parallelism)
Rules claiming more threads will be scaled down.
Job counts:
	count	jobs
	1	all
	1	find_bams
	2

[Thu Mar 31 14:45:06 2022]
Job 1: Searching for bams to archive...

[Thu Mar 31 14:45:06 2022]
Finished job 1.
1 of 2 steps (50%) done

[Thu Mar 31 14:45:06 2022]
localrule all:
    input: bamLocations.txt
    jobid: 0

[Thu Mar 31 14:45:06 2022]
Finished job 0.
2 of 2 steps (100%) done
Complete log: /uufs/chpc.utah.edu/common/home/u0854535/backup/readFile/.snakemake/log/2022-03-31T144506.283265.snakemake.log
