Building DAG of jobs...
Using shell: /usr/bin/bash
Provided cores: 1 (use --cores to define parallelism)
Rules claiming more threads will be scaled down.
Job counts:
	count	jobs
	1	all
	1	archive_files
	2

[Thu Mar 31 14:26:22 2022]
Job 1: Archiving all files from /scratch/general/lustre/u0854535/temp except for .bam/.bai

Touching output file rsync_archive.ok.
[Thu Mar 31 14:26:23 2022]
Finished job 1.
1 of 2 steps (50%) done

[Thu Mar 31 14:26:23 2022]
localrule all:
    input: rsync_archive.ok
    jobid: 0

[Thu Mar 31 14:26:23 2022]
Finished job 0.
2 of 2 steps (100%) done
Complete log: /uufs/chpc.utah.edu/common/home/u0854535/backup/readFile/.snakemake/log/2022-03-31T142622.393668.snakemake.log
